Analysis & Synthesis report for MIPSRIJ
Thu Nov 17 17:18:50 2022
Quartus Prime Version 20.1.0 Build 711 06/05/2020 SJ Lite Edition


---------------------
; Table of Contents ;
---------------------
  1. Legal Notice
  2. Analysis & Synthesis Summary
  3. Analysis & Synthesis Settings
  4. Parallel Compilation
  5. Analysis & Synthesis Source Files Read
  6. Analysis & Synthesis Resource Usage Summary
  7. Analysis & Synthesis Resource Utilization by Entity
  8. General Register Statistics
  9. Parameter Settings for User Entity Instance: Top-level Entity: |bancoReg
 10. Post-Synthesis Netlist Statistics for Top Partition
 11. Elapsed Time Per Partition
 12. Analysis & Synthesis Messages



----------------
; Legal Notice ;
----------------
Copyright (C) 2020  Intel Corporation. All rights reserved.
Your use of Intel Corporation's design tools, logic functions 
and other software and tools, and any partner logic 
functions, and any output files from any of the foregoing 
(including device programming or simulation files), and any 
associated documentation or information are expressly subject 
to the terms and conditions of the Intel Program License 
Subscription Agreement, the Intel Quartus Prime License Agreement,
the Intel FPGA IP License Agreement, or other applicable license
agreement, including, without limitation, that your use is for
the sole purpose of programming logic devices manufactured by
Intel and sold by Intel or its authorized distributors.  Please
refer to the applicable agreement for further details, at
https://fpgasoftware.intel.com/eula.



+-------------------------------------------------------------------------------+
; Analysis & Synthesis Summary                                                  ;
+---------------------------------+---------------------------------------------+
; Analysis & Synthesis Status     ; Successful - Thu Nov 17 17:18:50 2022       ;
; Quartus Prime Version           ; 20.1.0 Build 711 06/05/2020 SJ Lite Edition ;
; Revision Name                   ; MIPSRIJ                                     ;
; Top-level Entity Name           ; bancoReg                                    ;
; Family                          ; Cyclone V                                   ;
; Logic utilization (in ALMs)     ; N/A                                         ;
; Total registers                 ; 1024                                        ;
; Total pins                      ; 113                                         ;
; Total virtual pins              ; 0                                           ;
; Total block memory bits         ; 0                                           ;
; Total DSP Blocks                ; 0                                           ;
; Total HSSI RX PCSs              ; 0                                           ;
; Total HSSI PMA RX Deserializers ; 0                                           ;
; Total HSSI TX PCSs              ; 0                                           ;
; Total HSSI PMA TX Serializers   ; 0                                           ;
; Total PLLs                      ; 0                                           ;
; Total DLLs                      ; 0                                           ;
+---------------------------------+---------------------------------------------+


+---------------------------------------------------------------------------------------------------------------------------+
; Analysis & Synthesis Settings                                                                                             ;
+---------------------------------------------------------------------------------+--------------------+--------------------+
; Option                                                                          ; Setting            ; Default Value      ;
+---------------------------------------------------------------------------------+--------------------+--------------------+
; Device                                                                          ; 5CEBA4F23C7        ;                    ;
; Top-level entity name                                                           ; bancoReg           ; MIPSRIJ            ;
; Family name                                                                     ; Cyclone V          ; Cyclone V          ;
; Maximum processors allowed for parallel compilation                             ; All                ;                    ;
; VHDL Show LMF Mapping Messages                                                  ; Off                ;                    ;
; VHDL Version                                                                    ; VHDL_2008          ; VHDL_1993          ;
; Use smart compilation                                                           ; Off                ; Off                ;
; Enable parallel Assembler and Timing Analyzer during compilation                ; On                 ; On                 ;
; Enable compact report table                                                     ; Off                ; Off                ;
; Restructure Multiplexers                                                        ; Auto               ; Auto               ;
; MLAB Add Timing Constraints For Mixed-Port Feed-Through Mode Setting Don't Care ; Off                ; Off                ;
; Create Debugging Nodes for IP Cores                                             ; Off                ; Off                ;
; Preserve fewer node names                                                       ; On                 ; On                 ;
; Intel FPGA IP Evaluation Mode                                                   ; Enable             ; Enable             ;
; Verilog Version                                                                 ; Verilog_2001       ; Verilog_2001       ;
; State Machine Processing                                                        ; Auto               ; Auto               ;
; Safe State Machine                                                              ; Off                ; Off                ;
; Extract Verilog State Machines                                                  ; On                 ; On                 ;
; Extract VHDL State Machines                                                     ; On                 ; On                 ;
; Ignore Verilog initial constructs                                               ; Off                ; Off                ;
; Iteration limit for constant Verilog loops                                      ; 5000               ; 5000               ;
; Iteration limit for non-constant Verilog loops                                  ; 250                ; 250                ;
; Add Pass-Through Logic to Inferred RAMs                                         ; On                 ; On                 ;
; Infer RAMs from Raw Logic                                                       ; On                 ; On                 ;
; Parallel Synthesis                                                              ; On                 ; On                 ;
; DSP Block Balancing                                                             ; Auto               ; Auto               ;
; NOT Gate Push-Back                                                              ; On                 ; On                 ;
; Power-Up Don't Care                                                             ; On                 ; On                 ;
; Remove Redundant Logic Cells                                                    ; Off                ; Off                ;
; Remove Duplicate Registers                                                      ; On                 ; On                 ;
; Ignore CARRY Buffers                                                            ; Off                ; Off                ;
; Ignore CASCADE Buffers                                                          ; Off                ; Off                ;
; Ignore GLOBAL Buffers                                                           ; Off                ; Off                ;
; Ignore ROW GLOBAL Buffers                                                       ; Off                ; Off                ;
; Ignore LCELL Buffers                                                            ; Off                ; Off                ;
; Ignore SOFT Buffers                                                             ; On                 ; On                 ;
; Limit AHDL Integers to 32 Bits                                                  ; Off                ; Off                ;
; Optimization Technique                                                          ; Balanced           ; Balanced           ;
; Carry Chain Length                                                              ; 70                 ; 70                 ;
; Auto Carry Chains                                                               ; On                 ; On                 ;
; Auto Open-Drain Pins                                                            ; On                 ; On                 ;
; Perform WYSIWYG Primitive Resynthesis                                           ; Off                ; Off                ;
; Auto ROM Replacement                                                            ; On                 ; On                 ;
; Auto RAM Replacement                                                            ; On                 ; On                 ;
; Auto DSP Block Replacement                                                      ; On                 ; On                 ;
; Auto Shift Register Replacement                                                 ; Auto               ; Auto               ;
; Allow Shift Register Merging across Hierarchies                                 ; Auto               ; Auto               ;
; Auto Clock Enable Replacement                                                   ; On                 ; On                 ;
; Strict RAM Replacement                                                          ; Off                ; Off                ;
; Allow Synchronous Control Signals                                               ; On                 ; On                 ;
; Force Use of Synchronous Clear Signals                                          ; Off                ; Off                ;
; Auto Resource Sharing                                                           ; Off                ; Off                ;
; Allow Any RAM Size For Recognition                                              ; Off                ; Off                ;
; Allow Any ROM Size For Recognition                                              ; Off                ; Off                ;
; Allow Any Shift Register Size For Recognition                                   ; Off                ; Off                ;
; Use LogicLock Constraints during Resource Balancing                             ; On                 ; On                 ;
; Ignore translate_off and synthesis_off directives                               ; Off                ; Off                ;
; Timing-Driven Synthesis                                                         ; On                 ; On                 ;
; Report Parameter Settings                                                       ; On                 ; On                 ;
; Report Source Assignments                                                       ; On                 ; On                 ;
; Report Connectivity Checks                                                      ; On                 ; On                 ;
; Ignore Maximum Fan-Out Assignments                                              ; Off                ; Off                ;
; Synchronization Register Chain Length                                           ; 3                  ; 3                  ;
; Power Optimization During Synthesis                                             ; Normal compilation ; Normal compilation ;
; HDL message level                                                               ; Level2             ; Level2             ;
; Suppress Register Optimization Related Messages                                 ; Off                ; Off                ;
; Number of Removed Registers Reported in Synthesis Report                        ; 5000               ; 5000               ;
; Number of Swept Nodes Reported in Synthesis Report                              ; 5000               ; 5000               ;
; Number of Inverted Registers Reported in Synthesis Report                       ; 100                ; 100                ;
; Clock MUX Protection                                                            ; On                 ; On                 ;
; Auto Gated Clock Conversion                                                     ; Off                ; Off                ;
; Block Design Naming                                                             ; Auto               ; Auto               ;
; SDC constraint protection                                                       ; Off                ; Off                ;
; Synthesis Effort                                                                ; Auto               ; Auto               ;
; Shift Register Replacement - Allow Asynchronous Clear Signal                    ; On                 ; On                 ;
; Pre-Mapping Resynthesis Optimization                                            ; Off                ; Off                ;
; Analysis & Synthesis Message Level                                              ; Medium             ; Medium             ;
; Disable Register Merging Across Hierarchies                                     ; Auto               ; Auto               ;
; Resource Aware Inference For Block RAM                                          ; On                 ; On                 ;
; Automatic Parallel Synthesis                                                    ; On                 ; On                 ;
; Partial Reconfiguration Bitstream ID                                            ; Off                ; Off                ;
+---------------------------------------------------------------------------------+--------------------+--------------------+


+------------------------------------------+
; Parallel Compilation                     ;
+----------------------------+-------------+
; Processors                 ; Number      ;
+----------------------------+-------------+
; Number detected on machine ; 12          ;
; Maximum allowed            ; 6           ;
;                            ;             ;
; Average used               ; 1.00        ;
; Maximum used               ; 6           ;
;                            ;             ;
; Usage by Processor         ; % Time Used ;
;     Processor 1            ; 100.0%      ;
;     Processor 2            ;   0.0%      ;
;     Processor 3            ;   0.0%      ;
;     Processor 4            ;   0.0%      ;
;     Processor 5            ;   0.0%      ;
;     Processor 6            ;   0.0%      ;
+----------------------------+-------------+


+--------------------------------------------------------------------------------------------------------------------------------------------------------------+
; Analysis & Synthesis Source Files Read                                                                                                                       ;
+----------------------------------+-----------------+-----------------+-----------------------------------------------------------------------------+---------+
; File Name with User-Entered Path ; Used in Netlist ; File Type       ; File Name with Absolute Path                                                ; Library ;
+----------------------------------+-----------------+-----------------+-----------------------------------------------------------------------------+---------+
; bancoReg.vhd                     ; yes             ; User VHDL File  ; /home/borg/Documents/insper6Sem/DesComp/QuatusProjects/MIPSRIJ/bancoReg.vhd ;         ;
+----------------------------------+-----------------+-----------------+-----------------------------------------------------------------------------+---------+


+---------------------------------------------------------+
; Analysis & Synthesis Resource Usage Summary             ;
+---------------------------------------------+-----------+
; Resource                                    ; Usage     ;
+---------------------------------------------+-----------+
; Estimate of Logic utilization (ALMs needed) ; 1105      ;
;                                             ;           ;
; Combinational ALUT usage for logic          ; 639       ;
;     -- 7 input functions                    ; 576       ;
;     -- 6 input functions                    ; 32        ;
;     -- 5 input functions                    ; 2         ;
;     -- 4 input functions                    ; 0         ;
;     -- <=3 input functions                  ; 29        ;
;                                             ;           ;
; Dedicated logic registers                   ; 1024      ;
;                                             ;           ;
; I/O pins                                    ; 113       ;
;                                             ;           ;
; Total DSP Blocks                            ; 0         ;
;                                             ;           ;
; Maximum fan-out node                        ; clk~input ;
; Maximum fan-out                             ; 1024      ;
; Total fan-out                               ; 7512      ;
; Average fan-out                             ; 3.98      ;
+---------------------------------------------+-----------+


+----------------------------------------------------------------------------------------------------------------------------------------------------------------------------------------+
; Analysis & Synthesis Resource Utilization by Entity                                                                                                                                    ;
+----------------------------+---------------------+---------------------------+-------------------+------------+------+--------------+---------------------+-------------+--------------+
; Compilation Hierarchy Node ; Combinational ALUTs ; Dedicated Logic Registers ; Block Memory Bits ; DSP Blocks ; Pins ; Virtual Pins ; Full Hierarchy Name ; Entity Name ; Library Name ;
+----------------------------+---------------------+---------------------------+-------------------+------------+------+--------------+---------------------+-------------+--------------+
; |bancoReg                  ; 639 (639)           ; 1024 (1024)               ; 0                 ; 0          ; 113  ; 0            ; |bancoReg           ; bancoReg    ; work         ;
+----------------------------+---------------------+---------------------------+-------------------+------------+------+--------------+---------------------+-------------+--------------+
Note: For table entries with two numbers listed, the numbers in parentheses indicate the number of resources of the given type used by the specific entity alone. The numbers listed outside of parentheses indicate the total resources of the given type used by the specific entity and all of its sub-entities in the hierarchy.


+------------------------------------------------------+
; General Register Statistics                          ;
+----------------------------------------------+-------+
; Statistic                                    ; Value ;
+----------------------------------------------+-------+
; Total registers                              ; 1024  ;
; Number of registers using Synchronous Clear  ; 0     ;
; Number of registers using Synchronous Load   ; 0     ;
; Number of registers using Asynchronous Clear ; 0     ;
; Number of registers using Asynchronous Load  ; 0     ;
; Number of registers using Clock Enable       ; 1024  ;
; Number of registers using Preset             ; 0     ;
+----------------------------------------------+-------+


+--------------------------------------------------------------------------+
; Parameter Settings for User Entity Instance: Top-level Entity: |bancoReg ;
+---------------------+-------+--------------------------------------------+
; Parameter Name      ; Value ; Type                                       ;
+---------------------+-------+--------------------------------------------+
; larguraDados        ; 32    ; Signed Integer                             ;
; larguraEndBancoRegs ; 5     ; Signed Integer                             ;
+---------------------+-------+--------------------------------------------+
Note: In order to hide this table in the UI and the text report file, please set the "Show Parameter Settings in Synthesis Report" option in "Analysis and Synthesis Settings -> More Settings" to "Off".


+-----------------------------------------------------+
; Post-Synthesis Netlist Statistics for Top Partition ;
+-----------------------+-----------------------------+
; Type                  ; Count                       ;
+-----------------------+-----------------------------+
; arriav_ff             ; 1024                        ;
;     ENA               ; 1024                        ;
; arriav_lcell_comb     ; 639                         ;
;     extend            ; 576                         ;
;         7 data inputs ; 576                         ;
;     normal            ; 63                          ;
;         1 data inputs ; 29                          ;
;         5 data inputs ; 2                           ;
;         6 data inputs ; 32                          ;
; boundary_port         ; 113                         ;
;                       ;                             ;
; Max LUT depth         ; 3.00                        ;
; Average LUT depth     ; 2.57                        ;
+-----------------------+-----------------------------+


+-------------------------------+
; Elapsed Time Per Partition    ;
+----------------+--------------+
; Partition Name ; Elapsed Time ;
+----------------+--------------+
; Top            ; 00:00:00     ;
+----------------+--------------+


+-------------------------------+
; Analysis & Synthesis Messages ;
+-------------------------------+
Info: *******************************************************************
Info: Running Quartus Prime Analysis & Synthesis
    Info: Version 20.1.0 Build 711 06/05/2020 SJ Lite Edition
    Info: Processing started: Thu Nov 17 17:18:44 2022
Info: Command: quartus_map --read_settings_files=on --write_settings_files=off MIPSRIJ -c MIPSRIJ
Info (20030): Parallel compilation is enabled and will use 6 of the 6 processors detected
Info (12021): Found 2 design units, including 1 entities, in source file ULASomaSub.vhd
    Info (12022): Found design unit 1: ULASomaSub-comportamento File: /home/borg/Documents/insper6Sem/DesComp/QuatusProjects/MIPSRIJ/ULASomaSub.vhd Line: 15
    Info (12023): Found entity 1: ULASomaSub File: /home/borg/Documents/insper6Sem/DesComp/QuatusProjects/MIPSRIJ/ULASomaSub.vhd Line: 5
Info (12021): Found 2 design units, including 1 entities, in source file somadorGenerico.vhd
    Info (12022): Found design unit 1: somadorGenerico-comportamento File: /home/borg/Documents/insper6Sem/DesComp/QuatusProjects/MIPSRIJ/somadorGenerico.vhd Line: 17
    Info (12023): Found entity 1: somadorGenerico File: /home/borg/Documents/insper6Sem/DesComp/QuatusProjects/MIPSRIJ/somadorGenerico.vhd Line: 5
Info (12021): Found 2 design units, including 1 entities, in source file somaConstante.vhd
    Info (12022): Found design unit 1: somaConstante-comportamento File: /home/borg/Documents/insper6Sem/DesComp/QuatusProjects/MIPSRIJ/somaConstante.vhd Line: 18
    Info (12023): Found entity 1: somaConstante File: /home/borg/Documents/insper6Sem/DesComp/QuatusProjects/MIPSRIJ/somaConstante.vhd Line: 5
Info (12021): Found 2 design units, including 1 entities, in source file ROMMIPS.vhd
    Info (12022): Found design unit 1: ROMMIPS-assincrona File: /home/borg/Documents/insper6Sem/DesComp/QuatusProjects/MIPSRIJ/ROMMIPS.vhd Line: 15
    Info (12023): Found entity 1: ROMMIPS File: /home/borg/Documents/insper6Sem/DesComp/QuatusProjects/MIPSRIJ/ROMMIPS.vhd Line: 5
Info (12021): Found 2 design units, including 1 entities, in source file registradorGenerico.vhd
    Info (12022): Found design unit 1: registradorGenerico-comportamento File: /home/borg/Documents/insper6Sem/DesComp/QuatusProjects/MIPSRIJ/registradorGenerico.vhd Line: 15
    Info (12023): Found entity 1: registradorGenerico File: /home/borg/Documents/insper6Sem/DesComp/QuatusProjects/MIPSRIJ/registradorGenerico.vhd Line: 4
Info (12021): Found 2 design units, including 1 entities, in source file RAMMIPS.vhd
    Info (12022): Found design unit 1: RAMMIPS-assincrona File: /home/borg/Documents/insper6Sem/DesComp/QuatusProjects/MIPSRIJ/RAMMIPS.vhd Line: 18
    Info (12023): Found entity 1: RAMMIPS File: /home/borg/Documents/insper6Sem/DesComp/QuatusProjects/MIPSRIJ/RAMMIPS.vhd Line: 5
Info (12021): Found 2 design units, including 1 entities, in source file muxGenerico2x1.vhd
    Info (12022): Found design unit 1: muxGenerico2x1-comportamento File: /home/borg/Documents/insper6Sem/DesComp/QuatusProjects/MIPSRIJ/muxGenerico2x1.vhd Line: 14
    Info (12023): Found entity 1: muxGenerico2x1 File: /home/borg/Documents/insper6Sem/DesComp/QuatusProjects/MIPSRIJ/muxGenerico2x1.vhd Line: 4
Info (12021): Found 2 design units, including 1 entities, in source file estendeSinalGenerico.vhd
    Info (12022): Found design unit 1: estendeSinalGenerico-comportamento File: /home/borg/Documents/insper6Sem/DesComp/QuatusProjects/MIPSRIJ/estendeSinalGenerico.vhd Line: 19
    Info (12023): Found entity 1: estendeSinalGenerico File: /home/borg/Documents/insper6Sem/DesComp/QuatusProjects/MIPSRIJ/estendeSinalGenerico.vhd Line: 4
Info (12021): Found 2 design units, including 1 entities, in source file bancoReg.vhd
    Info (12022): Found design unit 1: bancoReg-comportamento File: /home/borg/Documents/insper6Sem/DesComp/QuatusProjects/MIPSRIJ/bancoReg.vhd Line: 30
    Info (12023): Found entity 1: bancoReg File: /home/borg/Documents/insper6Sem/DesComp/QuatusProjects/MIPSRIJ/bancoReg.vhd Line: 7
Info (12021): Found 2 design units, including 1 entities, in source file MIPSRIJ.vhd
    Info (12022): Found design unit 1: MIPSRIJ-arquitetura File: /home/borg/Documents/insper6Sem/DesComp/QuatusProjects/MIPSRIJ/MIPSRIJ.vhd Line: 35
    Info (12023): Found entity 1: MIPSRIJ File: /home/borg/Documents/insper6Sem/DesComp/QuatusProjects/MIPSRIJ/MIPSRIJ.vhd Line: 4
Info (12127): Elaborating entity "bancoReg" for the top level hierarchy
Info (276014): Found 1 instances of uninferred RAM logic
    Info (276007): RAM logic "registrador" is uninferred due to asynchronous read logic File: /home/borg/Documents/insper6Sem/DesComp/QuatusProjects/MIPSRIJ/bancoReg.vhd Line: 52
Info (286030): Timing-Driven Synthesis is running
Info (16010): Generating hard_block partition "hard_block:auto_generated_inst"
    Info (16011): Adding 0 node(s), including 0 DDIO, 0 PLL, 0 transceiver and 0 LCELL
Info (21057): Implemented 1747 device resources after synthesis - the final resource count might be different
    Info (21058): Implemented 49 input pins
    Info (21059): Implemented 64 output pins
    Info (21061): Implemented 1634 logic cells
Info: Quartus Prime Analysis & Synthesis was successful. 0 errors, 0 warnings
    Info: Peak virtual memory: 483 megabytes
    Info: Processing ended: Thu Nov 17 17:18:50 2022
    Info: Elapsed time: 00:00:06
    Info: Total CPU time (on all processors): 00:00:16


