Flow report for Aula5Atv
Mon Sep 12 16:55:22 2022
Quartus Prime Version 20.1.0 Build 711 06/05/2020 SJ Lite Edition


---------------------
; Table of Contents ;
---------------------
  1. Legal Notice
  2. Flow Summary
  3. Flow Settings
  4. Flow Non-Default Global Settings
  5. Flow Elapsed Time
  6. Flow OS Summary
  7. Flow Log
  8. Flow Messages
  9. Flow Suppressed Messages



----------------
; Legal Notice ;
----------------
Copyright (C) 2020  Intel Corporation. All rights reserved.
Your use of Intel Corporation's design tools, logic functions 
and other software and tools, and any partner logic 
functions, and any output files from any of the foregoing 
(including device programming or simulation files), and any 
associated documentation or information are expressly subject 
to the terms and conditions of the Intel Program License 
Subscription Agreement, the Intel Quartus Prime License Agreement,
the Intel FPGA IP License Agreement, or other applicable license
agreement, including, without limitation, that your use is for
the sole purpose of programming logic devices manufactured by
Intel and sold by Intel or its authorized distributors.  Please
refer to the applicable agreement for further details, at
https://fpgasoftware.intel.com/eula.



+-------------------------------------------------------------------------------+
; Flow Summary                                                                  ;
+---------------------------------+---------------------------------------------+
; Flow Status                     ; Successful - Mon Sep 12 16:55:22 2022       ;
; Quartus Prime Version           ; 20.1.0 Build 711 06/05/2020 SJ Lite Edition ;
; Revision Name                   ; Aula5Atv                                    ;
; Top-level Entity Name           ; Aula5Atv                                    ;
; Family                          ; Cyclone V                                   ;
; Device                          ; 5CEBA7F23C7                                 ;
; Timing Models                   ; Final                                       ;
; Logic utilization (in ALMs)     ; 14 / 56,480 ( < 1 % )                       ;
; Total registers                 ; 17                                          ;
; Total pins                      ; 24 / 240 ( 10 % )                           ;
; Total virtual pins              ; 0                                           ;
; Total block memory bits         ; 0 / 7,024,640 ( 0 % )                       ;
; Total DSP Blocks                ; 0 / 156 ( 0 % )                             ;
; Total HSSI RX PCSs              ; 0                                           ;
; Total HSSI PMA RX Deserializers ; 0                                           ;
; Total HSSI TX PCSs              ; 0                                           ;
; Total HSSI PMA TX Serializers   ; 0                                           ;
; Total PLLs                      ; 0 / 7 ( 0 % )                               ;
; Total DLLs                      ; 0 / 4 ( 0 % )                               ;
+---------------------------------+---------------------------------------------+


+-----------------------------------------+
; Flow Settings                           ;
+-------------------+---------------------+
; Option            ; Setting             ;
+-------------------+---------------------+
; Start date & time ; 09/12/2022 16:53:00 ;
; Main task         ; Compilation         ;
; Revision Name     ; Aula5Atv            ;
+-------------------+---------------------+


+------------------------------------------------------------------------------------------------------------------------------------------------+
; Flow Non-Default Global Settings                                                                                                               ;
+-------------------------------------+----------------------------------------+---------------+-------------+-----------------------------------+
; Assignment Name                     ; Value                                  ; Default Value ; Entity Name ; Section Id                        ;
+-------------------------------------+----------------------------------------+---------------+-------------+-----------------------------------+
; COMPILER_SIGNATURE_ID               ; 154784204320232.166301238010727        ; --            ; --          ; --                                ;
; EDA_GENERATE_FUNCTIONAL_NETLIST     ; Off                                    ; --            ; --          ; eda_board_design_timing           ;
; EDA_GENERATE_FUNCTIONAL_NETLIST     ; Off                                    ; --            ; --          ; eda_board_design_boundary_scan    ;
; EDA_GENERATE_FUNCTIONAL_NETLIST     ; Off                                    ; --            ; --          ; eda_board_design_signal_integrity ;
; EDA_GENERATE_FUNCTIONAL_NETLIST     ; Off                                    ; --            ; --          ; eda_board_design_symbol           ;
; EDA_OUTPUT_DATA_FORMAT              ; Verilog Hdl                            ; --            ; --          ; eda_simulation                    ;
; EDA_SIMULATION_TOOL                 ; ModelSim-Altera (Verilog)              ; <None>        ; --          ; --                                ;
; EDA_TIME_SCALE                      ; 1 ps                                   ; --            ; --          ; eda_simulation                    ;
; MAX_CORE_JUNCTION_TEMP              ; 85                                     ; --            ; --          ; --                                ;
; MIN_CORE_JUNCTION_TEMP              ; 0                                      ; --            ; --          ; --                                ;
; NUM_PARALLEL_PROCESSORS             ; All                                    ; --            ; --          ; --                                ;
; PARTITION_COLOR                     ; -- (Not supported for targeted family) ; --            ; --          ; Top                               ;
; PARTITION_FITTER_PRESERVATION_LEVEL ; -- (Not supported for targeted family) ; --            ; --          ; Top                               ;
; PARTITION_NETLIST_TYPE              ; -- (Not supported for targeted family) ; --            ; --          ; Top                               ;
; POWER_BOARD_THERMAL_MODEL           ; None (CONSERVATIVE)                    ; --            ; --          ; --                                ;
; POWER_PRESET_COOLING_SOLUTION       ; 23 MM HEAT SINK WITH 200 LFPM AIRFLOW  ; --            ; --          ; --                                ;
; PROJECT_OUTPUT_DIRECTORY            ; output_files                           ; --            ; --          ; --                                ;
; VHDL_INPUT_VERSION                  ; VHDL_2008                              ; VHDL_1993     ; --          ; --                                ;
; VHDL_SHOW_LMF_MAPPING_MESSAGES      ; Off                                    ; --            ; --          ; --                                ;
+-------------------------------------+----------------------------------------+---------------+-------------+-----------------------------------+


+--------------------------------------------------------------------------------------------------------------------------+
; Flow Elapsed Time                                                                                                        ;
+----------------------+--------------+-------------------------+---------------------+------------------------------------+
; Module Name          ; Elapsed Time ; Average Processors Used ; Peak Virtual Memory ; Total CPU Time (on all processors) ;
+----------------------+--------------+-------------------------+---------------------+------------------------------------+
; Analysis & Synthesis ; 00:00:05     ; 1.0                     ; 537 MB              ; 00:00:14                           ;
; Fitter               ; 00:00:21     ; 1.0                     ; 2062 MB             ; 00:00:45                           ;
; Assembler            ; 00:00:05     ; 1.0                     ; 495 MB              ; 00:00:05                           ;
; Timing Analyzer      ; 00:00:03     ; 1.0                     ; 854 MB              ; 00:00:03                           ;
; EDA Netlist Writer   ; 00:00:00     ; 1.0                     ; 675 MB              ; 00:00:01                           ;
; EDA Netlist Writer   ; 00:00:01     ; 1.0                     ; 669 MB              ; 00:00:01                           ;
; EDA Netlist Writer   ; 00:00:01     ; 1.0                     ; 671 MB              ; 00:00:01                           ;
; EDA Netlist Writer   ; 00:00:01     ; 1.0                     ; 677 MB              ; 00:00:01                           ;
; EDA Netlist Writer   ; 00:00:00     ; 1.0                     ; 669 MB              ; 00:00:01                           ;
; EDA Netlist Writer   ; 00:00:00     ; 1.0                     ; 677 MB              ; 00:00:01                           ;
; Total                ; 00:00:37     ; --                      ; --                  ; 00:01:13                           ;
+----------------------+--------------+-------------------------+---------------------+------------------------------------+


+----------------------------------------------------------------------------------------+
; Flow OS Summary                                                                        ;
+----------------------+------------------+----------------+------------+----------------+
; Module Name          ; Machine Hostname ; OS Name        ; OS Version ; Processor type ;
+----------------------+------------------+----------------+------------+----------------+
; Analysis & Synthesis ; borg             ; Ubuntu 20.04.5 ; 20         ; x86_64         ;
; Fitter               ; borg             ; Ubuntu 20.04.5 ; 20         ; x86_64         ;
; Assembler            ; borg             ; Ubuntu 20.04.5 ; 20         ; x86_64         ;
; Timing Analyzer      ; borg             ; Ubuntu 20.04.5 ; 20         ; x86_64         ;
; EDA Netlist Writer   ; borg             ; Ubuntu 20.04.5 ; 20         ; x86_64         ;
; EDA Netlist Writer   ; borg             ; Ubuntu 20.04.5 ; 20         ; x86_64         ;
; EDA Netlist Writer   ; borg             ; Ubuntu 20.04.5 ; 20         ; x86_64         ;
; EDA Netlist Writer   ; borg             ; Ubuntu 20.04.5 ; 20         ; x86_64         ;
; EDA Netlist Writer   ; borg             ; Ubuntu 20.04.5 ; 20         ; x86_64         ;
; EDA Netlist Writer   ; borg             ; Ubuntu 20.04.5 ; 20         ; x86_64         ;
+----------------------+------------------+----------------+------------+----------------+


------------
; Flow Log ;
------------
quartus_map --read_settings_files=on --write_settings_files=off Aula5Atv -c Aula5Atv
quartus_fit --read_settings_files=off --write_settings_files=off Aula5Atv -c Aula5Atv
quartus_asm --read_settings_files=off --write_settings_files=off Aula5Atv -c Aula5Atv
quartus_sta Aula5Atv -c Aula5Atv
quartus_eda --read_settings_files=off --write_settings_files=off Aula5Atv -c Aula5Atv
quartus_eda --gen_testbench --tool=modelsim_oem --format=vhdl --write_settings_files=off Aula5Atv -c Aula5Atv --vector_source=/home/borg/Documents/insper6Sem/DesComp/QuatusProjects/Aula5Atv/simulation/qsim/Waveform2.vwf --testbench_file=/home/borg/Documents/insper6Sem/DesComp/QuatusProjects/Aula5Atv/simulation/qsim/simulation/qsim/Waveform2.vwf.vht
quartus_eda --gen_testbench --tool=modelsim_oem --format=vhdl --write_settings_files=off Aula5Atv -c Aula5Atv --vector_source=/home/borg/Documents/insper6Sem/DesComp/QuatusProjects/aula5Atv/Waveform.vwf --testbench_file=/home/borg/Documents/insper6Sem/DesComp/QuatusProjects/aula5Atv/simulation/qsim/Waveform.vwf.vht
quartus_eda --write_settings_files=off --simulation=on --functional=on --flatten_buses=off --tool=modelsim_oem --format=vhdl --output_directory=/home/borg/Documents/insper6Sem/DesComp/QuatusProjects/aula5Atv/simulation/qsim/ Aula5Atv -c Aula5Atv
quartus_eda --gen_testbench --tool=modelsim_oem --format=vhdl --write_settings_files=off Aula5Atv -c Aula5Atv --vector_source=/home/borg/Documents/insper6Sem/DesComp/QuatusProjects/aula5Atv/Waveform.vwf --testbench_file=/home/borg/Documents/insper6Sem/DesComp/QuatusProjects/aula5Atv/simulation/qsim/Waveform.vwf.vht
quartus_eda --write_settings_files=off --simulation=on --functional=on --flatten_buses=off --tool=modelsim_oem --format=vhdl --output_directory=/home/borg/Documents/insper6Sem/DesComp/QuatusProjects/aula5Atv/simulation/qsim/ Aula5Atv -c Aula5Atv



